2025-07-22 03:12:10,461 - QuickScraper - INFO - Found 10 companies using selector: .co_node
2025-07-22 03:12:10,466 - QuickScraper - INFO - Found 10 companies using selector: div.co_node
2025-07-22 03:12:10,472 - QuickScraper - INFO - Found 10 companies using selector: .exporter_directory .co_node
2025-07-22 03:12:10,472 - QuickScraper - INFO - Found 10 potential company containers on page
2025-07-22 03:12:10,495 - QuickScraper - INFO - Successfully extracted 10 companies from page
2025-07-22 03:12:10,497 - QuickScraper - WARNING - Failed to clean company data: Missing required field: company_name
2025-07-22 03:12:10,500 - QuickScraper - WARNING - Failed to clean company data: Missing required field: company_name
2025-07-22 03:12:10,501 - QuickScraper - WARNING - Failed to clean company data: Missing required field: company_name
2025-07-22 03:12:10,501 - QuickScraper - WARNING - Failed to clean company data: Missing required field: company_name
2025-07-22 03:12:10,502 - QuickScraper - WARNING - Failed to clean company data: Missing required field: company_name
2025-07-22 03:12:10,502 - QuickScraper - WARNING - Failed to clean company data: Missing required field: company_name
2025-07-22 03:12:10,503 - QuickScraper - WARNING - Failed to clean company data: Missing required field: company_name
2025-07-22 03:12:10,503 - QuickScraper - WARNING - Failed to clean company data: Missing required field: company_name
2025-07-22 03:12:10,504 - QuickScraper - WARNING - Failed to clean company data: Missing required field: company_name
2025-07-22 03:12:10,504 - QuickScraper - WARNING - Failed to clean company data: Missing required field: company_name
2025-07-22 03:12:10,505 - QuickScraper - INFO - Cleaned 0 companies from 10 raw extractions
2025-07-22 03:12:10,505 - QuickScraper - INFO - Converted 0 companies to JSON format
2025-07-22 03:12:10,506 - QuickScraper - INFO - JSON format validation passed
2025-07-22 03:12:10,508 - QuickScraper - INFO - JSON file saved successfully: output/sample_exporters_data.json (478 bytes)
2025-07-22 03:14:35,630 - QuickScraper - INFO - Found 10 companies using selector: .co_node
2025-07-22 03:14:35,640 - QuickScraper - INFO - Found 10 companies using selector: div.co_node
2025-07-22 03:14:35,655 - QuickScraper - INFO - Found 10 companies using selector: .exporter_directory .co_node
2025-07-22 03:14:35,655 - QuickScraper - INFO - Found 10 potential company containers on page
2025-07-22 03:14:35,696 - QuickScraper - INFO - Successfully extracted 10 companies from page
2025-07-22 03:14:35,697 - QuickScraper - INFO - Cleaned 10 companies from 10 raw extractions
2025-07-22 03:14:35,698 - QuickScraper - INFO - Removed 0 duplicate companies. 10 unique companies remain.
2025-07-22 03:14:35,698 - QuickScraper - INFO - Converted 10 companies to JSON format
2025-07-22 03:14:35,699 - QuickScraper - ERROR - Company 0: Missing required key 'id'
2025-07-22 03:14:35,699 - QuickScraper - ERROR - JSON validation failed, not saving file
2025-07-22 04:02:09,206 - QuickScraper - INFO - Found 10 companies using selector: .co_node
2025-07-22 04:02:09,210 - QuickScraper - INFO - Found 10 companies using selector: div.co_node
2025-07-22 04:02:09,221 - QuickScraper - INFO - Found 10 companies using selector: .exporter_directory .co_node
2025-07-22 04:02:09,222 - QuickScraper - INFO - Found 10 potential company containers on page
2025-07-22 04:02:09,242 - QuickScraper - INFO - Successfully extracted 10 companies from page
2025-07-22 04:02:09,243 - QuickScraper - INFO - Cleaned 10 companies from 10 raw extractions
2025-07-22 04:02:09,243 - QuickScraper - INFO - Removed 0 duplicate companies. 10 unique companies remain.
2025-07-22 04:02:09,243 - QuickScraper - INFO - Converted 10 companies to JSON format
2025-07-22 04:02:09,243 - QuickScraper - ERROR - Company 0: Missing required key 'id'
2025-07-22 04:02:09,244 - QuickScraper - ERROR - JSON validation failed, not saving file
